<?xml version="1.0" encoding="UTF-8"?>
<!-- Generated by org.testng.reporters.JUnitXMLReporter -->
<testsuite hostname="DESKTOP-SQI1G9P" ignored="0" name="Create customer API Test" tests="3" failures="0" timestamp="2021-12-24T23:20:18 IST" time="2.609" errors="0">
  <testcase name="validateCreatecustomerAPIwithvalidSecretKey" time="2.504" classname="com.w2a.testingfranwork.testcases.createCustomerTest"/>
  <testcase name="validateCreatecustomerAPIwithvalidSecretKey" time="2.503" classname="com.w2a.testingfranwork.testcases.createCustomerTest"/>
  <testcase name="validateCreatecustomerAPIwithvalidSecretKey" time="2.503" classname="com.w2a.testingfranwork.testcases.createCustomerTest"/>
</testsuite> <!-- Create customer API Test -->
