<?xml version="1.0" encoding="UTF-8"?>
<!-- Generated by org.testng.reporters.JUnitXMLReporter -->
<testsuite hostname="DESKTOP-SQI1G9P" ignored="0" name="Delete customer API Test" tests="2" failures="2" timestamp="2021-12-24T23:20:18 IST" time="2.609" errors="0">
  <testcase name="deleteCustomer" time="2.508" classname="com.w2a.testingfranwork.testcases.DeleteCutsomerTest">
    <failure type="junit.framework.ComparisonFailure" message="cus_KoeJP4LD1n0y2z expected:&amp;lt;cus_KoeJP4LD1n0y2z&amp;gt; but was:&amp;lt;id not matching&amp;gt;">
      <![CDATA[junit.framework.ComparisonFailure: cus_KoeJP4LD1n0y2z expected:<cus_KoeJP4LD1n0y2z> but was:<id not matching>
at junit.framework.Assert.assertEquals(Assert.java:81)
at com.w2a.testingfranwork.testcases.DeleteCutsomerTest.deleteCustomer(DeleteCutsomerTest.java:49)
at java.util.concurrent.FutureTask.run(Unknown Source)
at java.util.concurrent.Executors$RunnableAdapter.call(Unknown Source)
at java.util.concurrent.FutureTask.run(Unknown Source)
at java.util.concurrent.ThreadPoolExecutor.runWorker(Unknown Source)
at java.util.concurrent.ThreadPoolExecutor$Worker.run(Unknown Source)
at java.lang.Thread.run(Unknown Source)
... Removed 9 stack frames]]>
    </failure>
  </testcase> <!-- deleteCustomer -->
  <testcase name="deleteCustomer" time="2.51" classname="com.w2a.testingfranwork.testcases.DeleteCutsomerTest">
    <failure type="junit.framework.ComparisonFailure" message="cus_KpxnyN1jeEeAjr expected:&amp;lt;cus_KpxnyN1jeEeAjr&amp;gt; but was:&amp;lt;id not matching&amp;gt;">
      <![CDATA[junit.framework.ComparisonFailure: cus_KpxnyN1jeEeAjr expected:<cus_KpxnyN1jeEeAjr> but was:<id not matching>
at junit.framework.Assert.assertEquals(Assert.java:81)
at com.w2a.testingfranwork.testcases.DeleteCutsomerTest.deleteCustomer(DeleteCutsomerTest.java:49)
at java.util.concurrent.FutureTask.run(Unknown Source)
at java.util.concurrent.Executors$RunnableAdapter.call(Unknown Source)
at java.util.concurrent.FutureTask.run(Unknown Source)
at java.util.concurrent.ThreadPoolExecutor.runWorker(Unknown Source)
at java.util.concurrent.ThreadPoolExecutor$Worker.run(Unknown Source)
at java.lang.Thread.run(Unknown Source)
... Removed 9 stack frames]]>
    </failure>
  </testcase> <!-- deleteCustomer -->
</testsuite> <!-- Delete customer API Test -->
