<?xml version="1.0" encoding="UTF-8"?>
<!-- Generated by org.testng.reporters.JUnitXMLReporter -->
<testsuite hostname="DESKTOP-SQI1G9P" ignored="0" name="Create customer API Test" tests="3" failures="0" timestamp="28 Dec 2021 19:03:02 GMT" time="3.308" errors="0">
  <testcase name="validateCreatecustomerAPIwithvalidSecretKey" time="3.12" classname="com.w2a.testingfranwork.testcases.createCustomerTest"/>
  <testcase name="validateCreatecustomerAPIwithvalidSecretKey" time="3.122" classname="com.w2a.testingfranwork.testcases.createCustomerTest"/>
  <testcase name="validateCreatecustomerAPIwithvalidSecretKey" time="3.162" classname="com.w2a.testingfranwork.testcases.createCustomerTest"/>
</testsuite> <!-- Create customer API Test -->
