<?xml version="1.0" encoding="UTF-8"?>
<testsuite xmlns:xsi="http://www.w3.org/2001/XMLSchema-instance" xsi:noNamespaceSchemaLocation="https://maven.apache.org/surefire/maven-surefire-plugin/xsd/surefire-test-report.xsd" name="TestSuite" time="16.628" tests="3" errors="0" skipped="0" failures="0">
  <properties>
[...]
</properties>
  <testcase name="validateCreatecustomerAPIwithvalidSecretKey" classname="com.w2a.testingfranwork.testcases.createCustomerTest" time="3.123"/>
  <testcase name="validateCreatecustomerAPIwithvalidSecretKey" classname="com.w2a.testingfranwork.testcases.createCustomerTest" time="3.126"/>
  <testcase name="validateCreatecustomerAPIwithvalidSecretKey" classname="com.w2a.testingfranwork.testcases.createCustomerTest" time="3.154"/>
</testsuite>