<?xml version="1.0" encoding="UTF-8"?>
<testng-results skipped="0" failed="0" ignored="0" total="2" passed="2">
  <reporter-output>
  </reporter-output>
  <suite name="Suite" duration-ms="7945" started-at="2022-01-12T10:13:16 IST" finished-at="2022-01-12T10:13:24 IST">
    <groups>
    </groups>
    <test name="Create order API Test" duration-ms="5277" started-at="2022-01-12T10:13:16 IST" finished-at="2022-01-12T10:13:22 IST">
      <class name="com.w2a.testingfranwork.testcases.paypal.createOrderTest">
        <test-method status="PASS" signature="createOrder()[pri:0, instance:com.w2a.testingfranwork.testcases.paypal.createOrderTest@25fb8912]" name="createOrder" duration-ms="5248" started-at="2022-01-12T10:13:16 IST" finished-at="2022-01-12T10:13:22 IST">
          <reporter-output>
          </reporter-output>
        </test-method> <!-- createOrder -->
      </class> <!-- com.w2a.testingfranwork.testcases.paypal.createOrderTest -->
    </test> <!-- Create order API Test -->
    <test name="get order API Test" duration-ms="2453" started-at="2022-01-12T10:13:22 IST" finished-at="2022-01-12T10:13:24 IST">
      <class name="com.w2a.testingfranwork.testcases.paypal.GetOrderTest">
        <test-method status="PASS" signature="setup()[pri:0, instance:com.w2a.testingfranwork.testcases.paypal.GetOrderTest@6404f418]" name="setup" is-config="true" duration-ms="317" started-at="2022-01-12T10:13:16 IST" finished-at="2022-01-12T10:13:16 IST">
          <reporter-output>
          </reporter-output>
        </test-method> <!-- setup -->
        <test-method status="PASS" signature="getOrder()[pri:0, instance:com.w2a.testingfranwork.testcases.paypal.GetOrderTest@6404f418]" name="getOrder" duration-ms="2450" started-at="2022-01-12T10:13:22 IST" finished-at="2022-01-12T10:13:24 IST">
          <reporter-output>
          </reporter-output>
        </test-method> <!-- getOrder -->
        <test-method status="PASS" signature="teardown()[pri:0, instance:com.w2a.testingfranwork.testcases.paypal.GetOrderTest@6404f418]" name="teardown" is-config="true" duration-ms="0" started-at="2022-01-12T10:13:24 IST" finished-at="2022-01-12T10:13:24 IST">
          <reporter-output>
          </reporter-output>
        </test-method> <!-- teardown -->
      </class> <!-- com.w2a.testingfranwork.testcases.paypal.GetOrderTest -->
    </test> <!-- get order API Test -->
  </suite> <!-- Suite -->
</testng-results>
